<?xml version="1.0" encoding="UTF-8"?>
<testsuite xmlns:xsi="http://www.w3.org/2001/XMLSchema-instance" xsi:noNamespaceSchemaLocation="https://maven.apache.org/surefire/maven-surefire-plugin/xsd/surefire-test-report.xsd" name="com.zz.Springboot03WebApplicationTests" time="2.471" tests="1" errors="0" skipped="0" failures="0">
  <properties>
    <property name="sun.desktop" value="windows"/>
    <property name="awt.toolkit" value="sun.awt.windows.WToolkit"/>
    <property name="file.encoding.pkg" value="sun.io"/>
    <property name="java.specification.version" value="1.8"/>
    <property name="sun.cpu.isalist" value="amd64"/>
    <property name="sun.jnu.encoding" value="GBK"/>
    <property name="java.class.path" value="C:\Users\xiao&apos;xiao&apos;ran\Desktop\springboot-03-web\target\test-classes;C:\Users\xiao&apos;xiao&apos;ran\Desktop\springboot-03-web\target\classes;E:\env\apache-maven-3.6.3\maven-repo\org\springframework\boot\spring-boot-starter-web\2.7.3\spring-boot-starter-web-2.7.3.jar;E:\env\apache-maven-3.6.3\maven-repo\org\springframework\boot\spring-boot-starter\2.7.3\spring-boot-starter-2.7.3.jar;E:\env\apache-maven-3.6.3\maven-repo\org\springframework\boot\spring-boot\2.7.3\spring-boot-2.7.3.jar;E:\env\apache-maven-3.6.3\maven-repo\org\springframework\boot\spring-boot-autoconfigure\2.7.3\spring-boot-autoconfigure-2.7.3.jar;E:\env\apache-maven-3.6.3\maven-repo\org\springframework\boot\spring-boot-starter-logging\2.7.3\spring-boot-starter-logging-2.7.3.jar;E:\env\apache-maven-3.6.3\maven-repo\ch\qos\logback\logback-classic\1.2.11\logback-classic-1.2.11.jar;E:\env\apache-maven-3.6.3\maven-repo\ch\qos\logback\logback-core\1.2.11\logback-core-1.2.11.jar;E:\env\apache-maven-3.6.3\maven-repo\org\apache\logging\log4j\log4j-to-slf4j\2.17.2\log4j-to-slf4j-2.17.2.jar;E:\env\apache-maven-3.6.3\maven-repo\org\apache\logging\log4j\log4j-api\2.17.2\log4j-api-2.17.2.jar;E:\env\apache-maven-3.6.3\maven-repo\org\slf4j\jul-to-slf4j\1.7.36\jul-to-slf4j-1.7.36.jar;E:\env\apache-maven-3.6.3\maven-repo\jakarta\annotation\jakarta.annotation-api\1.3.5\jakarta.annotation-api-1.3.5.jar;E:\env\apache-maven-3.6.3\maven-repo\org\yaml\snakeyaml\1.30\snakeyaml-1.30.jar;E:\env\apache-maven-3.6.3\maven-repo\org\springframework\boot\spring-boot-starter-json\2.7.3\spring-boot-starter-json-2.7.3.jar;E:\env\apache-maven-3.6.3\maven-repo\com\fasterxml\jackson\core\jackson-databind\2.13.3\jackson-databind-2.13.3.jar;E:\env\apache-maven-3.6.3\maven-repo\com\fasterxml\jackson\core\jackson-annotations\2.13.3\jackson-annotations-2.13.3.jar;E:\env\apache-maven-3.6.3\maven-repo\com\fasterxml\jackson\core\jackson-core\2.13.3\jackson-core-2.13.3.jar;E:\env\apache-maven-3.6.3\maven-repo\com\fasterxml\jackson\datatype\jackson-datatype-jdk8\2.13.3\jackson-datatype-jdk8-2.13.3.jar;E:\env\apache-maven-3.6.3\maven-repo\com\fasterxml\jackson\datatype\jackson-datatype-jsr310\2.13.3\jackson-datatype-jsr310-2.13.3.jar;E:\env\apache-maven-3.6.3\maven-repo\com\fasterxml\jackson\module\jackson-module-parameter-names\2.13.3\jackson-module-parameter-names-2.13.3.jar;E:\env\apache-maven-3.6.3\maven-repo\org\springframework\boot\spring-boot-starter-tomcat\2.7.3\spring-boot-starter-tomcat-2.7.3.jar;E:\env\apache-maven-3.6.3\maven-repo\org\apache\tomcat\embed\tomcat-embed-core\9.0.65\tomcat-embed-core-9.0.65.jar;E:\env\apache-maven-3.6.3\maven-repo\org\apache\tomcat\embed\tomcat-embed-el\9.0.65\tomcat-embed-el-9.0.65.jar;E:\env\apache-maven-3.6.3\maven-repo\org\apache\tomcat\embed\tomcat-embed-websocket\9.0.65\tomcat-embed-websocket-9.0.65.jar;E:\env\apache-maven-3.6.3\maven-repo\org\springframework\spring-web\5.3.22\spring-web-5.3.22.jar;E:\env\apache-maven-3.6.3\maven-repo\org\springframework\spring-beans\5.3.22\spring-beans-5.3.22.jar;E:\env\apache-maven-3.6.3\maven-repo\org\springframework\spring-webmvc\5.3.22\spring-webmvc-5.3.22.jar;E:\env\apache-maven-3.6.3\maven-repo\org\springframework\spring-aop\5.3.22\spring-aop-5.3.22.jar;E:\env\apache-maven-3.6.3\maven-repo\org\springframework\spring-context\5.3.22\spring-context-5.3.22.jar;E:\env\apache-maven-3.6.3\maven-repo\org\springframework\spring-expression\5.3.22\spring-expression-5.3.22.jar;E:\env\apache-maven-3.6.3\maven-repo\org\springframework\boot\spring-boot-starter-test\2.7.3\spring-boot-starter-test-2.7.3.jar;E:\env\apache-maven-3.6.3\maven-repo\org\springframework\boot\spring-boot-test\2.7.3\spring-boot-test-2.7.3.jar;E:\env\apache-maven-3.6.3\maven-repo\org\springframework\boot\spring-boot-test-autoconfigure\2.7.3\spring-boot-test-autoconfigure-2.7.3.jar;E:\env\apache-maven-3.6.3\maven-repo\com\jayway\jsonpath\json-path\2.7.0\json-path-2.7.0.jar;E:\env\apache-maven-3.6.3\maven-repo\net\minidev\json-smart\2.4.8\json-smart-2.4.8.jar;E:\env\apache-maven-3.6.3\maven-repo\net\minidev\accessors-smart\2.4.8\accessors-smart-2.4.8.jar;E:\env\apache-maven-3.6.3\maven-repo\org\ow2\asm\asm\9.1\asm-9.1.jar;E:\env\apache-maven-3.6.3\maven-repo\jakarta\xml\bind\jakarta.xml.bind-api\2.3.3\jakarta.xml.bind-api-2.3.3.jar;E:\env\apache-maven-3.6.3\maven-repo\jakarta\activation\jakarta.activation-api\1.2.2\jakarta.activation-api-1.2.2.jar;E:\env\apache-maven-3.6.3\maven-repo\org\assertj\assertj-core\3.22.0\assertj-core-3.22.0.jar;E:\env\apache-maven-3.6.3\maven-repo\org\hamcrest\hamcrest\2.2\hamcrest-2.2.jar;E:\env\apache-maven-3.6.3\maven-repo\org\junit\jupiter\junit-jupiter\5.8.2\junit-jupiter-5.8.2.jar;E:\env\apache-maven-3.6.3\maven-repo\org\junit\jupiter\junit-jupiter-api\5.8.2\junit-jupiter-api-5.8.2.jar;E:\env\apache-maven-3.6.3\maven-repo\org\opentest4j\opentest4j\1.2.0\opentest4j-1.2.0.jar;E:\env\apache-maven-3.6.3\maven-repo\org\junit\platform\junit-platform-commons\1.8.2\junit-platform-commons-1.8.2.jar;E:\env\apache-maven-3.6.3\maven-repo\org\apiguardian\apiguardian-api\1.1.2\apiguardian-api-1.1.2.jar;E:\env\apache-maven-3.6.3\maven-repo\org\junit\jupiter\junit-jupiter-params\5.8.2\junit-jupiter-params-5.8.2.jar;E:\env\apache-maven-3.6.3\maven-repo\org\junit\jupiter\junit-jupiter-engine\5.8.2\junit-jupiter-engine-5.8.2.jar;E:\env\apache-maven-3.6.3\maven-repo\org\junit\platform\junit-platform-engine\1.8.2\junit-platform-engine-1.8.2.jar;E:\env\apache-maven-3.6.3\maven-repo\org\mockito\mockito-core\4.5.1\mockito-core-4.5.1.jar;E:\env\apache-maven-3.6.3\maven-repo\net\bytebuddy\byte-buddy\1.12.13\byte-buddy-1.12.13.jar;E:\env\apache-maven-3.6.3\maven-repo\net\bytebuddy\byte-buddy-agent\1.12.13\byte-buddy-agent-1.12.13.jar;E:\env\apache-maven-3.6.3\maven-repo\org\objenesis\objenesis\3.2\objenesis-3.2.jar;E:\env\apache-maven-3.6.3\maven-repo\org\mockito\mockito-junit-jupiter\4.5.1\mockito-junit-jupiter-4.5.1.jar;E:\env\apache-maven-3.6.3\maven-repo\org\skyscreamer\jsonassert\1.5.1\jsonassert-1.5.1.jar;E:\env\apache-maven-3.6.3\maven-repo\com\vaadin\external\google\android-json\0.0.20131108.vaadin1\android-json-0.0.20131108.vaadin1.jar;E:\env\apache-maven-3.6.3\maven-repo\org\springframework\spring-core\5.3.22\spring-core-5.3.22.jar;E:\env\apache-maven-3.6.3\maven-repo\org\springframework\spring-jcl\5.3.22\spring-jcl-5.3.22.jar;E:\env\apache-maven-3.6.3\maven-repo\org\springframework\spring-test\5.3.22\spring-test-5.3.22.jar;E:\env\apache-maven-3.6.3\maven-repo\org\xmlunit\xmlunit-core\2.9.0\xmlunit-core-2.9.0.jar;E:\env\apache-maven-3.6.3\maven-repo\org\projectlombok\lombok\1.18.24\lombok-1.18.24.jar;E:\env\apache-maven-3.6.3\maven-repo\org\thymeleaf\thymeleaf-spring5\3.0.15.RELEASE\thymeleaf-spring5-3.0.15.RELEASE.jar;E:\env\apache-maven-3.6.3\maven-repo\org\thymeleaf\thymeleaf\3.0.15.RELEASE\thymeleaf-3.0.15.RELEASE.jar;E:\env\apache-maven-3.6.3\maven-repo\org\attoparser\attoparser\2.0.5.RELEASE\attoparser-2.0.5.RELEASE.jar;E:\env\apache-maven-3.6.3\maven-repo\org\unbescape\unbescape\1.1.6.RELEASE\unbescape-1.1.6.RELEASE.jar;E:\env\apache-maven-3.6.3\maven-repo\org\slf4j\slf4j-api\1.7.36\slf4j-api-1.7.36.jar;E:\env\apache-maven-3.6.3\maven-repo\org\thymeleaf\extras\thymeleaf-extras-java8time\3.0.4.RELEASE\thymeleaf-extras-java8time-3.0.4.RELEASE.jar;"/>
    <property name="java.vm.vendor" value="Oracle Corporation"/>
    <property name="sun.arch.data.model" value="64"/>
    <property name="user.variant" value=""/>
    <property name="java.vendor.url" value="http://java.oracle.com/"/>
    <property name="user.timezone" value="Asia/Shanghai"/>
    <property name="java.vm.specification.version" value="1.8"/>
    <property name="os.name" value="Windows 10"/>
    <property name="user.country" value="CN"/>
    <property name="sun.java.launcher" value="SUN_STANDARD"/>
    <property name="sun.boot.library.path" value="E:\env\jdk8\jre\bin"/>
    <property name="sun.java.command" value="C:\Users\XIAO&apos;X~1\AppData\Local\Temp\surefire6153435757458224748\surefirebooter1992053097313005254.jar C:\Users\xiao&apos;xiao&apos;ran\AppData\Local\Temp\surefire6153435757458224748 2023-01-28T19-34-54_353-jvmRun1 surefire5692794197208027743tmp surefire_07504080166743402823tmp"/>
    <property name="surefire.test.class.path" value="C:\Users\xiao&apos;xiao&apos;ran\Desktop\springboot-03-web\target\test-classes;C:\Users\xiao&apos;xiao&apos;ran\Desktop\springboot-03-web\target\classes;E:\env\apache-maven-3.6.3\maven-repo\org\springframework\boot\spring-boot-starter-web\2.7.3\spring-boot-starter-web-2.7.3.jar;E:\env\apache-maven-3.6.3\maven-repo\org\springframework\boot\spring-boot-starter\2.7.3\spring-boot-starter-2.7.3.jar;E:\env\apache-maven-3.6.3\maven-repo\org\springframework\boot\spring-boot\2.7.3\spring-boot-2.7.3.jar;E:\env\apache-maven-3.6.3\maven-repo\org\springframework\boot\spring-boot-autoconfigure\2.7.3\spring-boot-autoconfigure-2.7.3.jar;E:\env\apache-maven-3.6.3\maven-repo\org\springframework\boot\spring-boot-starter-logging\2.7.3\spring-boot-starter-logging-2.7.3.jar;E:\env\apache-maven-3.6.3\maven-repo\ch\qos\logback\logback-classic\1.2.11\logback-classic-1.2.11.jar;E:\env\apache-maven-3.6.3\maven-repo\ch\qos\logback\logback-core\1.2.11\logback-core-1.2.11.jar;E:\env\apache-maven-3.6.3\maven-repo\org\apache\logging\log4j\log4j-to-slf4j\2.17.2\log4j-to-slf4j-2.17.2.jar;E:\env\apache-maven-3.6.3\maven-repo\org\apache\logging\log4j\log4j-api\2.17.2\log4j-api-2.17.2.jar;E:\env\apache-maven-3.6.3\maven-repo\org\slf4j\jul-to-slf4j\1.7.36\jul-to-slf4j-1.7.36.jar;E:\env\apache-maven-3.6.3\maven-repo\jakarta\annotation\jakarta.annotation-api\1.3.5\jakarta.annotation-api-1.3.5.jar;E:\env\apache-maven-3.6.3\maven-repo\org\yaml\snakeyaml\1.30\snakeyaml-1.30.jar;E:\env\apache-maven-3.6.3\maven-repo\org\springframework\boot\spring-boot-starter-json\2.7.3\spring-boot-starter-json-2.7.3.jar;E:\env\apache-maven-3.6.3\maven-repo\com\fasterxml\jackson\core\jackson-databind\2.13.3\jackson-databind-2.13.3.jar;E:\env\apache-maven-3.6.3\maven-repo\com\fasterxml\jackson\core\jackson-annotations\2.13.3\jackson-annotations-2.13.3.jar;E:\env\apache-maven-3.6.3\maven-repo\com\fasterxml\jackson\core\jackson-core\2.13.3\jackson-core-2.13.3.jar;E:\env\apache-maven-3.6.3\maven-repo\com\fasterxml\jackson\datatype\jackson-datatype-jdk8\2.13.3\jackson-datatype-jdk8-2.13.3.jar;E:\env\apache-maven-3.6.3\maven-repo\com\fasterxml\jackson\datatype\jackson-datatype-jsr310\2.13.3\jackson-datatype-jsr310-2.13.3.jar;E:\env\apache-maven-3.6.3\maven-repo\com\fasterxml\jackson\module\jackson-module-parameter-names\2.13.3\jackson-module-parameter-names-2.13.3.jar;E:\env\apache-maven-3.6.3\maven-repo\org\springframework\boot\spring-boot-starter-tomcat\2.7.3\spring-boot-starter-tomcat-2.7.3.jar;E:\env\apache-maven-3.6.3\maven-repo\org\apache\tomcat\embed\tomcat-embed-core\9.0.65\tomcat-embed-core-9.0.65.jar;E:\env\apache-maven-3.6.3\maven-repo\org\apache\tomcat\embed\tomcat-embed-el\9.0.65\tomcat-embed-el-9.0.65.jar;E:\env\apache-maven-3.6.3\maven-repo\org\apache\tomcat\embed\tomcat-embed-websocket\9.0.65\tomcat-embed-websocket-9.0.65.jar;E:\env\apache-maven-3.6.3\maven-repo\org\springframework\spring-web\5.3.22\spring-web-5.3.22.jar;E:\env\apache-maven-3.6.3\maven-repo\org\springframework\spring-beans\5.3.22\spring-beans-5.3.22.jar;E:\env\apache-maven-3.6.3\maven-repo\org\springframework\spring-webmvc\5.3.22\spring-webmvc-5.3.22.jar;E:\env\apache-maven-3.6.3\maven-repo\org\springframework\spring-aop\5.3.22\spring-aop-5.3.22.jar;E:\env\apache-maven-3.6.3\maven-repo\org\springframework\spring-context\5.3.22\spring-context-5.3.22.jar;E:\env\apache-maven-3.6.3\maven-repo\org\springframework\spring-expression\5.3.22\spring-expression-5.3.22.jar;E:\env\apache-maven-3.6.3\maven-repo\org\springframework\boot\spring-boot-starter-test\2.7.3\spring-boot-starter-test-2.7.3.jar;E:\env\apache-maven-3.6.3\maven-repo\org\springframework\boot\spring-boot-test\2.7.3\spring-boot-test-2.7.3.jar;E:\env\apache-maven-3.6.3\maven-repo\org\springframework\boot\spring-boot-test-autoconfigure\2.7.3\spring-boot-test-autoconfigure-2.7.3.jar;E:\env\apache-maven-3.6.3\maven-repo\com\jayway\jsonpath\json-path\2.7.0\json-path-2.7.0.jar;E:\env\apache-maven-3.6.3\maven-repo\net\minidev\json-smart\2.4.8\json-smart-2.4.8.jar;E:\env\apache-maven-3.6.3\maven-repo\net\minidev\accessors-smart\2.4.8\accessors-smart-2.4.8.jar;E:\env\apache-maven-3.6.3\maven-repo\org\ow2\asm\asm\9.1\asm-9.1.jar;E:\env\apache-maven-3.6.3\maven-repo\jakarta\xml\bind\jakarta.xml.bind-api\2.3.3\jakarta.xml.bind-api-2.3.3.jar;E:\env\apache-maven-3.6.3\maven-repo\jakarta\activation\jakarta.activation-api\1.2.2\jakarta.activation-api-1.2.2.jar;E:\env\apache-maven-3.6.3\maven-repo\org\assertj\assertj-core\3.22.0\assertj-core-3.22.0.jar;E:\env\apache-maven-3.6.3\maven-repo\org\hamcrest\hamcrest\2.2\hamcrest-2.2.jar;E:\env\apache-maven-3.6.3\maven-repo\org\junit\jupiter\junit-jupiter\5.8.2\junit-jupiter-5.8.2.jar;E:\env\apache-maven-3.6.3\maven-repo\org\junit\jupiter\junit-jupiter-api\5.8.2\junit-jupiter-api-5.8.2.jar;E:\env\apache-maven-3.6.3\maven-repo\org\opentest4j\opentest4j\1.2.0\opentest4j-1.2.0.jar;E:\env\apache-maven-3.6.3\maven-repo\org\junit\platform\junit-platform-commons\1.8.2\junit-platform-commons-1.8.2.jar;E:\env\apache-maven-3.6.3\maven-repo\org\apiguardian\apiguardian-api\1.1.2\apiguardian-api-1.1.2.jar;E:\env\apache-maven-3.6.3\maven-repo\org\junit\jupiter\junit-jupiter-params\5.8.2\junit-jupiter-params-5.8.2.jar;E:\env\apache-maven-3.6.3\maven-repo\org\junit\jupiter\junit-jupiter-engine\5.8.2\junit-jupiter-engine-5.8.2.jar;E:\env\apache-maven-3.6.3\maven-repo\org\junit\platform\junit-platform-engine\1.8.2\junit-platform-engine-1.8.2.jar;E:\env\apache-maven-3.6.3\maven-repo\org\mockito\mockito-core\4.5.1\mockito-core-4.5.1.jar;E:\env\apache-maven-3.6.3\maven-repo\net\bytebuddy\byte-buddy\1.12.13\byte-buddy-1.12.13.jar;E:\env\apache-maven-3.6.3\maven-repo\net\bytebuddy\byte-buddy-agent\1.12.13\byte-buddy-agent-1.12.13.jar;E:\env\apache-maven-3.6.3\maven-repo\org\objenesis\objenesis\3.2\objenesis-3.2.jar;E:\env\apache-maven-3.6.3\maven-repo\org\mockito\mockito-junit-jupiter\4.5.1\mockito-junit-jupiter-4.5.1.jar;E:\env\apache-maven-3.6.3\maven-repo\org\skyscreamer\jsonassert\1.5.1\jsonassert-1.5.1.jar;E:\env\apache-maven-3.6.3\maven-repo\com\vaadin\external\google\android-json\0.0.20131108.vaadin1\android-json-0.0.20131108.vaadin1.jar;E:\env\apache-maven-3.6.3\maven-repo\org\springframework\spring-core\5.3.22\spring-core-5.3.22.jar;E:\env\apache-maven-3.6.3\maven-repo\org\springframework\spring-jcl\5.3.22\spring-jcl-5.3.22.jar;E:\env\apache-maven-3.6.3\maven-repo\org\springframework\spring-test\5.3.22\spring-test-5.3.22.jar;E:\env\apache-maven-3.6.3\maven-repo\org\xmlunit\xmlunit-core\2.9.0\xmlunit-core-2.9.0.jar;E:\env\apache-maven-3.6.3\maven-repo\org\projectlombok\lombok\1.18.24\lombok-1.18.24.jar;E:\env\apache-maven-3.6.3\maven-repo\org\thymeleaf\thymeleaf-spring5\3.0.15.RELEASE\thymeleaf-spring5-3.0.15.RELEASE.jar;E:\env\apache-maven-3.6.3\maven-repo\org\thymeleaf\thymeleaf\3.0.15.RELEASE\thymeleaf-3.0.15.RELEASE.jar;E:\env\apache-maven-3.6.3\maven-repo\org\attoparser\attoparser\2.0.5.RELEASE\attoparser-2.0.5.RELEASE.jar;E:\env\apache-maven-3.6.3\maven-repo\org\unbescape\unbescape\1.1.6.RELEASE\unbescape-1.1.6.RELEASE.jar;E:\env\apache-maven-3.6.3\maven-repo\org\slf4j\slf4j-api\1.7.36\slf4j-api-1.7.36.jar;E:\env\apache-maven-3.6.3\maven-repo\org\thymeleaf\extras\thymeleaf-extras-java8time\3.0.4.RELEASE\thymeleaf-extras-java8time-3.0.4.RELEASE.jar;"/>
    <property name="sun.cpu.endian" value="little"/>
    <property name="user.home" value="C:\Users\xiao&apos;xiao&apos;ran"/>
    <property name="user.language" value="zh"/>
    <property name="java.specification.vendor" value="Oracle Corporation"/>
    <property name="java.home" value="E:\env\jdk8\jre"/>
    <property name="basedir" value="C:\Users\xiao&apos;xiao&apos;ran\Desktop\springboot-03-web"/>
    <property name="file.separator" value="\"/>
    <property name="line.separator" value="&#10;"/>
    <property name="java.vm.specification.vendor" value="Oracle Corporation"/>
    <property name="java.specification.name" value="Java Platform API Specification"/>
    <property name="java.awt.graphicsenv" value="sun.awt.Win32GraphicsEnvironment"/>
    <property name="surefire.real.class.path" value="C:\Users\XIAO&apos;X~1\AppData\Local\Temp\surefire6153435757458224748\surefirebooter1992053097313005254.jar"/>
    <property name="sun.boot.class.path" value="E:\env\jdk8\jre\lib\resources.jar;E:\env\jdk8\jre\lib\rt.jar;E:\env\jdk8\jre\lib\sunrsasign.jar;E:\env\jdk8\jre\lib\jsse.jar;E:\env\jdk8\jre\lib\jce.jar;E:\env\jdk8\jre\lib\charsets.jar;E:\env\jdk8\jre\lib\jfr.jar;E:\env\jdk8\jre\classes"/>
    <property name="user.script" value=""/>
    <property name="sun.management.compiler" value="HotSpot 64-Bit Tiered Compilers"/>
    <property name="java.runtime.version" value="1.8.0_191-b12"/>
    <property name="user.name" value="xiao&apos;xiao&apos;ran"/>
    <property name="path.separator" value=";"/>
    <property name="os.version" value="10.0"/>
    <property name="java.endorsed.dirs" value="E:\env\jdk8\jre\lib\endorsed"/>
    <property name="java.runtime.name" value="Java(TM) SE Runtime Environment"/>
    <property name="file.encoding" value="GBK"/>
    <property name="java.vm.name" value="Java HotSpot(TM) 64-Bit Server VM"/>
    <property name="localRepository" value="E:\env\apache-maven-3.6.3\maven-repo"/>
    <property name="java.vendor.url.bug" value="http://bugreport.sun.com/bugreport/"/>
    <property name="java.io.tmpdir" value="C:\Users\XIAO&apos;X~1\AppData\Local\Temp\"/>
    <property name="idea.version" value="2021.2.3"/>
    <property name="java.version" value="1.8.0_191"/>
    <property name="user.dir" value="C:\Users\xiao&apos;xiao&apos;ran\Desktop\springboot-03-web"/>
    <property name="os.arch" value="amd64"/>
    <property name="java.vm.specification.name" value="Java Virtual Machine Specification"/>
    <property name="java.awt.printerjob" value="sun.awt.windows.WPrinterJob"/>
    <property name="sun.os.patch.level" value=""/>
    <property name="java.library.path" value="E:\env\jdk8\jre\bin;C:\WINDOWS\Sun\Java\bin;C:\WINDOWS\system32;C:\WINDOWS;E:\install\vmware\bin\;C:\WINDOWS\system32;C:\WINDOWS;C:\WINDOWS\System32\Wbem;C:\WINDOWS\System32\WindowsPowerShell\v1.0\;C:\WINDOWS\System32\OpenSSH\;E:\env\MATLAB\bin;E:\env\netcat;D:\phpstudy_pro\Extensions\MySQL5.7.26\bin;D:\phpstudy_pro\Extensions\php\php7.3.4nts;E:\env\Git\cmd;C:\Users\xiao&apos;xiao&apos;ran\AppData\Local\Packages\PythonSoftwareFoundation.Python.3.8_qbz5n2kfra8p0\LocalCache\local-packages\Python38\Scripts\;E:\env\pandoc-2.16.2;E:\env\tesseract;E:\env\mongodb\bin;E:\env\node\;C:\ProgramData\chocolatey\bin;C:\Program Files\dotnet\;E:\env\xshell\;E:\env\xftp\;E:\env\composer;E:\env\go\bin;E:\env\jdk19\bin;D:\phpstudy_pro\Extensions\redis3.0.504;E:\env\jdk8\bin;E:\env\jdk19\jre\bin;E:\env\cobaltstrike;C:\Program Files\AdoptOpenJDK\jre-11.0.7.10-hotspot\bin;E:\env\tdmgcc\bin;D:\Python27;D:\Python27\Scripts;C:\Users\xiao&apos;xiao&apos;ran\AppData\Local\Packages\PythonSoftwareFoundation.Python.3.9_qbz5n2kfra8p0\LocalCache\local-packages\Python39\Scripts;E:\install\Cobalt_Strike_4.7;E:\env\svn\bin;E:\env\apache-maven-3.8.7\bin;C:\Users\xiao&apos;xiao&apos;ran\AppData\Local\Programs\Python\Python38\Scripts\;C:\Users\xiao&apos;xiao&apos;ran\AppData\Local\Programs\Python\Python38\;C:\Users\xiao&apos;xiao&apos;ran\AppData\Local\Microsoft\WindowsApps;C:\Program Files\Bandizip\;E:\env\Microsoft VS Code\bin;C:\Users\xiao&apos;xiao&apos;ran\AppData\Roaming\npm;C:\Users\xiao&apos;xiao&apos;ran\AppData\Roaming\Composer\vendor\bin;E:\env\IntelliJ IDEA 2021.2.3\bin;;;C:\Users\xiao&apos;xiao&apos;ran\AppData\Local\Programs\oh-my-posh\bin;E:\env\Nmap;."/>
    <property name="java.vm.info" value="mixed mode"/>
    <property name="java.vendor" value="Oracle Corporation"/>
    <property name="java.vm.version" value="25.191-b12"/>
    <property name="java.ext.dirs" value="E:\env\jdk8\jre\lib\ext;C:\WINDOWS\Sun\Java\lib\ext"/>
    <property name="sun.io.unicode.encoding" value="UnicodeLittle"/>
    <property name="maven.repo.local" value="E:\env\apache-maven-3.6.3\maven-repo"/>
    <property name="java.class.version" value="52.0"/>
  </properties>
  <testcase name="contextLoads" classname="com.zz.Springboot03WebApplicationTests" time="0.187"/>
</testsuite>